<?xml version="1.0" encoding="UTF-8"?>
<testng-results ignored="0" total="3" passed="3" failed="0" skipped="0">
  <reporter-output>
  </reporter-output>
  <suite started-at="2025-06-28T13:08:15 IST" name="NSE Test Suite" finished-at="2025-06-28T13:08:27 IST" duration-ms="11487">
    <groups>
    </groups>
    <test started-at="2025-06-28T13:08:15 IST" name="Chrome" finished-at="2025-06-28T13:08:26 IST" duration-ms="10972">
      <class name="nse.tests.NSESearchTest">
        <test-method is-config="true" signature="setUp(java.lang.String,java.lang.reflect.Method)[pri:0, instance:nse.tests.NSESearchTest@55fe41ea]" started-at="2025-06-28T13:08:15 IST" name="setUp" finished-at="2025-06-28T13:08:18 IST" duration-ms="2657" status="PASS">
          <params>
            <param index="0">
              <value>
                <![CDATA[chrome]]>
              </value>
            </param>
            <param index="1">
              <value>
                <![CDATA[public void nse.tests.NSESearchTest.testSearchAndProfitLoss(java.lang.String,java.lang.String,java.lang.String)]]>
              </value>
            </param>
          </params>
          <reporter-output>
          </reporter-output>
        </test-method> <!-- setUp -->
        <test-method signature="testSearchAndProfitLoss(java.lang.String,java.lang.String,java.lang.String)[pri:0, instance:nse.tests.NSESearchTest@55fe41ea]" started-at="2025-06-28T13:08:18 IST" name="testSearchAndProfitLoss" finished-at="2025-06-28T13:08:25 IST" duration-ms="7210" status="PASS">
          <params>
            <param index="0">
              <value>
                <![CDATA[TCS]]>
              </value>
            </param>
            <param index="1">
              <value>
                <![CDATA[4,592.25]]>
              </value>
            </param>
            <param index="2">
              <value>
                <![CDATA[3,056.05]]>
              </value>
            </param>
          </params>
          <reporter-output>
          </reporter-output>
        </test-method> <!-- testSearchAndProfitLoss -->
        <test-method is-config="true" signature="tearDown(org.testng.ITestResult)[pri:0, instance:nse.tests.NSESearchTest@55fe41ea]" started-at="2025-06-28T13:08:25 IST" name="tearDown" finished-at="2025-06-28T13:08:26 IST" duration-ms="1035" status="PASS">
          <params>
            <param index="0">
              <value>
                <![CDATA[[TestResult name=testSearchAndProfitLoss status=SUCCESS method=NSESearchTest.testSearchAndProfitLoss(java.lang.String,java.lang.String,java.lang.String)[pri:0, instance:nse.tests.NSESearchTest@55fe41ea] output={null}]]]>
              </value>
            </param>
          </params>
          <reporter-output>
          </reporter-output>
        </test-method> <!-- tearDown -->
      </class> <!-- nse.tests.NSESearchTest -->
    </test> <!-- Chrome -->
    <test started-at="2025-06-28T13:08:15 IST" name="Firefox" finished-at="2025-06-28T13:08:26 IST" duration-ms="11322">
      <class name="nse.tests.NSESearchTest">
        <test-method is-config="true" signature="setUp(java.lang.String,java.lang.reflect.Method)[pri:0, instance:nse.tests.NSESearchTest@d21a74c]" started-at="2025-06-28T13:08:15 IST" name="setUp" finished-at="2025-06-28T13:08:19 IST" duration-ms="3737" status="PASS">
          <params>
            <param index="0">
              <value>
                <![CDATA[firefox]]>
              </value>
            </param>
            <param index="1">
              <value>
                <![CDATA[public void nse.tests.NSESearchTest.testSearchAndProfitLoss(java.lang.String,java.lang.String,java.lang.String)]]>
              </value>
            </param>
          </params>
          <reporter-output>
          </reporter-output>
        </test-method> <!-- setUp -->
        <test-method signature="testSearchAndProfitLoss(java.lang.String,java.lang.String,java.lang.String)[pri:0, instance:nse.tests.NSESearchTest@d21a74c]" started-at="2025-06-28T13:08:19 IST" name="testSearchAndProfitLoss" finished-at="2025-06-28T13:08:25 IST" duration-ms="6378" status="PASS">
          <params>
            <param index="0">
              <value>
                <![CDATA[TCS]]>
              </value>
            </param>
            <param index="1">
              <value>
                <![CDATA[4,592.25]]>
              </value>
            </param>
            <param index="2">
              <value>
                <![CDATA[3,056.05]]>
              </value>
            </param>
          </params>
          <reporter-output>
          </reporter-output>
        </test-method> <!-- testSearchAndProfitLoss -->
        <test-method is-config="true" signature="tearDown(org.testng.ITestResult)[pri:0, instance:nse.tests.NSESearchTest@d21a74c]" started-at="2025-06-28T13:08:25 IST" name="tearDown" finished-at="2025-06-28T13:08:26 IST" duration-ms="1146" status="PASS">
          <params>
            <param index="0">
              <value>
                <![CDATA[[TestResult name=testSearchAndProfitLoss status=SUCCESS method=NSESearchTest.testSearchAndProfitLoss(java.lang.String,java.lang.String,java.lang.String)[pri:0, instance:nse.tests.NSESearchTest@d21a74c] output={null}]]]>
              </value>
            </param>
          </params>
          <reporter-output>
          </reporter-output>
        </test-method> <!-- tearDown -->
      </class> <!-- nse.tests.NSESearchTest -->
    </test> <!-- Firefox -->
    <test started-at="2025-06-28T13:08:15 IST" name="Edge" finished-at="2025-06-28T13:08:27 IST" duration-ms="11487">
      <class name="nse.tests.NSESearchTest">
        <test-method is-config="true" signature="setUp(java.lang.String,java.lang.reflect.Method)[pri:0, instance:nse.tests.NSESearchTest@15ca7889]" started-at="2025-06-28T13:08:15 IST" name="setUp" finished-at="2025-06-28T13:08:18 IST" duration-ms="2660" status="PASS">
          <params>
            <param index="0">
              <value>
                <![CDATA[edge]]>
              </value>
            </param>
            <param index="1">
              <value>
                <![CDATA[public void nse.tests.NSESearchTest.testSearchAndProfitLoss(java.lang.String,java.lang.String,java.lang.String)]]>
              </value>
            </param>
          </params>
          <reporter-output>
          </reporter-output>
        </test-method> <!-- setUp -->
        <test-method signature="testSearchAndProfitLoss(java.lang.String,java.lang.String,java.lang.String)[pri:0, instance:nse.tests.NSESearchTest@15ca7889]" started-at="2025-06-28T13:08:18 IST" name="testSearchAndProfitLoss" finished-at="2025-06-28T13:08:25 IST" duration-ms="6921" status="PASS">
          <params>
            <param index="0">
              <value>
                <![CDATA[TCS]]>
              </value>
            </param>
            <param index="1">
              <value>
                <![CDATA[4,592.25]]>
              </value>
            </param>
            <param index="2">
              <value>
                <![CDATA[3,056.05]]>
              </value>
            </param>
          </params>
          <reporter-output>
          </reporter-output>
        </test-method> <!-- testSearchAndProfitLoss -->
        <test-method is-config="true" signature="tearDown(org.testng.ITestResult)[pri:0, instance:nse.tests.NSESearchTest@15ca7889]" started-at="2025-06-28T13:08:25 IST" name="tearDown" finished-at="2025-06-28T13:08:27 IST" duration-ms="1843" status="PASS">
          <params>
            <param index="0">
              <value>
                <![CDATA[[TestResult name=testSearchAndProfitLoss status=SUCCESS method=NSESearchTest.testSearchAndProfitLoss(java.lang.String,java.lang.String,java.lang.String)[pri:0, instance:nse.tests.NSESearchTest@15ca7889] output={null}]]]>
              </value>
            </param>
          </params>
          <reporter-output>
          </reporter-output>
        </test-method> <!-- tearDown -->
      </class> <!-- nse.tests.NSESearchTest -->
    </test> <!-- Edge -->
  </suite> <!-- NSE Test Suite -->
</testng-results>
